<?xml version="1.0" encoding="UTF-8"?>
<!-- Generated by org.testng.reporters.JUnitReportReporter -->
<testsuite hostname="Balajis-MacBook-Pro.local" failures="0" tests="2" name="com.brillio.test.ZDemo1Test" time="0.014" errors="0" timestamp="2023-06-16T10:26:33 IST" skipped="0">
  <testcase classname="com.brillio.test.ZDemo1Test" name="demoValid2Test" time="0.011"/>
  <testcase classname="com.brillio.test.ZDemo1Test" name="demoValid2Test" time="0.003"/>
</testsuite> <!-- com.brillio.test.ZDemo1Test -->
