<?xml version="1.0" encoding="UTF-8"?>
<!-- Generated by org.testng.reporters.JUnitReportReporter -->
<testsuite hostname="Balajis-MacBook-Pro.local" failures="0" tests="2" name="com.brillio.test.LoginTest" time="95.395" errors="0" timestamp="2023-06-19T12:22:58 IST" skipped="0">
  <testcase classname="com.brillio.test.LoginTest" name="invalidLoginTest" time="40.455"/>
  <testcase classname="com.brillio.test.LoginTest" name="invalidLoginTest" time="54.940"/>
</testsuite> <!-- com.brillio.test.LoginTest -->
