<?xml version="1.0" encoding="UTF-8"?>
<!-- Generated by org.testng.reporters.JUnitReportReporter -->
<testsuite hostname="Balajis-MacBook-Pro.local" failures="0" tests="1" name="com.brillio.test.LoginTest" time="0.009" errors="0" timestamp="2023-06-15T12:07:04 IST" skipped="0">
  <testcase classname="com.brillio.test.LoginTest" name="invalidLoginTest" time="0.009"/>
</testsuite> <!-- com.brillio.test.LoginTest -->
