<?xml version="1.0" encoding="UTF-8"?>
<!-- Generated by org.testng.reporters.JUnitReportReporter -->
<testsuite hostname="Balajis-MacBook-Pro.local" failures="0" tests="2" name="com.brillio.test.SignUpTest" time="110.315" errors="0" timestamp="2023-06-16T12:46:47 IST" skipped="0">
  <testcase classname="com.brillio.test.SignUpTest" name="validRegisterTest" time="45.259"/>
  <testcase classname="com.brillio.test.SignUpTest" name="validRegisterTest" time="65.056"/>
</testsuite> <!-- com.brillio.test.SignUpTest -->
