<?xml version="1.0" encoding="UTF-8"?>
<!-- Generated by org.testng.reporters.JUnitReportReporter -->
<testsuite hostname="Balajis-MacBook-Pro.local" failures="0" tests="3" name="com.brillio.test.ZDemo1Test" time="0.010" errors="0" timestamp="2023-06-16T09:42:25 IST" skipped="0">
  <testcase classname="com.brillio.test.ZDemo1Test" name="demoValidTest" time="0.001"/>
  <testcase classname="com.brillio.test.ZDemo1Test" name="demoValidTest" time="0.007"/>
  <testcase classname="com.brillio.test.ZDemo1Test" name="demoValidTest" time="0.002"/>
</testsuite> <!-- com.brillio.test.ZDemo1Test -->
