<?xml version="1.0" encoding="UTF-8"?>
<!-- Generated by org.testng.reporters.JUnitReportReporter -->
<testsuite hostname="Balajis-MacBook-Pro.local" failures="0" tests="1" name="com.brillio.test.ZDemo1Test" time="0.019" errors="0" timestamp="2023-06-16T11:44:45 IST" skipped="0">
  <testcase classname="com.brillio.test.ZDemo1Test" name="demo" time="0.019"/>
</testsuite> <!-- com.brillio.test.ZDemo1Test -->
