<?xml version="1.0" encoding="UTF-8"?>
<!-- Generated by org.testng.reporters.JUnitReportReporter -->
<testsuite hostname="Balajis-MacBook-Pro.local" failures="0" tests="1" name="com.brillio.test.SignUpTest" time="57.975" errors="0" timestamp="2023-06-19T13:02:58 IST" skipped="0">
  <testcase classname="com.brillio.test.SignUpTest" name="validRegisterTest" time="57.975"/>
</testsuite> <!-- com.brillio.test.SignUpTest -->
