<?xml version="1.0" encoding="UTF-8"?>
<!-- Generated by org.testng.reporters.JUnitReportReporter -->
<testsuite hostname="Balajis-MacBook-Pro.local" failures="0" tests="1" name="com.brillio.test.SignUpTest" time="47.127" errors="0" timestamp="2023-06-19T12:34:18 IST" skipped="0">
  <testcase classname="com.brillio.test.SignUpTest" name="validRegisterTest" time="47.127"/>
</testsuite> <!-- com.brillio.test.SignUpTest -->
