<?xml version="1.0" encoding="UTF-8"?>
<!-- Generated by org.testng.reporters.JUnitReportReporter -->
<testsuite hostname="Balajis-MacBook-Pro.local" failures="0" tests="6" name="com.brillio.test.ZDemo1Test" time="0.023" errors="0" timestamp="2023-06-16T12:39:32 IST" skipped="0">
  <testcase classname="com.brillio.test.ZDemo1Test" name="demoValid2Test" time="0.002"/>
  <testcase classname="com.brillio.test.ZDemo1Test" name="demoValidTest" time="0.002"/>
  <testcase classname="com.brillio.test.ZDemo1Test" name="demoValidTest" time="0.002"/>
  <testcase classname="com.brillio.test.ZDemo1Test" name="readProperties" time="0.002"/>
  <testcase classname="com.brillio.test.ZDemo1Test" name="demo" time="0.011"/>
  <testcase classname="com.brillio.test.ZDemo1Test" name="demoValidTest" time="0.004"/>
</testsuite> <!-- com.brillio.test.ZDemo1Test -->
