<?xml version="1.0" encoding="UTF-8"?>
<!-- Generated by org.testng.reporters.JUnitReportReporter -->
<testsuite hostname="Balajis-MacBook-Pro.local" failures="0" tests="2" name="com.brillio.test.LoginTest" time="81.219" errors="0" timestamp="2023-06-16T12:20:12 IST" skipped="0">
  <testcase classname="com.brillio.test.LoginTest" name="invalidLoginTest" time="39.734"/>
  <testcase classname="com.brillio.test.LoginTest" name="invalidLoginTest" time="41.485"/>
</testsuite> <!-- com.brillio.test.LoginTest -->
