<?xml version="1.0" encoding="UTF-8"?>
<!-- Generated by org.testng.reporters.JUnitReportReporter -->
<testsuite hostname="Balajis-MacBook-Pro.local" failures="0" tests="1" name="com.brillio.test.SignUpTest" time="54.780" errors="0" timestamp="2023-06-19T12:45:35 IST" skipped="0">
  <testcase classname="com.brillio.test.SignUpTest" name="validRegisterTest" time="54.780"/>
</testsuite> <!-- com.brillio.test.SignUpTest -->
