<?xml version="1.0" encoding="UTF-8"?>
<!-- Generated by org.testng.reporters.JUnitReportReporter -->
<testsuite hostname="Balajis-MacBook-Pro.local" failures="0" tests="2" name="com.brillio.test.LoginTest" time="58.048" errors="0" timestamp="2023-06-16T10:10:21 IST" skipped="0">
  <testcase classname="com.brillio.test.LoginTest" name="invalidLoginTest" time="26.279"/>
  <testcase classname="com.brillio.test.LoginTest" name="invalidLoginTest" time="31.769"/>
</testsuite> <!-- com.brillio.test.LoginTest -->
