<?xml version="1.0" encoding="UTF-8"?>
<!-- Generated by org.testng.reporters.JUnitReportReporter -->
<testsuite hostname="Balajis-MacBook-Pro.local" failures="0" tests="2" name="com.brillio.test.LoginTest" time="64.999" errors="0" timestamp="2023-06-16T11:08:11 IST" skipped="0">
  <testcase classname="com.brillio.test.LoginTest" name="invalidLoginTest" time="33.027"/>
  <testcase classname="com.brillio.test.LoginTest" name="invalidLoginTest" time="31.972"/>
</testsuite> <!-- com.brillio.test.LoginTest -->
